Using pre-set license
Built from '2022.3/staging' branch; Version is '2022.3.7f1 (b16b3b16c7a0) revision 11627323'; Using compiler version '192829333'; Build Type 'Release'
OS: 'Windows 11  (10.0.22631) 64bit Core' Language: 'da' Physical Memory: 16183 MB
BatchMode: 1, IsHumanControllingUs: 0, StartBugReporterOnCrash: 0, Is64bit: 1, IsPro: 1

COMMAND LINE ARGUMENTS:
C:\Program Files\Unity 2022.3.7f1\Editor\Unity.exe
-adb2
-batchMode
-noUpm
-name
AssetImportWorker1
-projectPath
C:/Users/nicol/boosfight/My project (2)
-logFile
Logs/AssetImportWorker1.log
-srvPort
58465
Successfully changed project path to: C:/Users/nicol/boosfight/My project (2)
C:/Users/nicol/boosfight/My project (2)
[UnityMemory] Configuration Parameters - Can be set up in boot.config
    "memorysetup-bucket-allocator-granularity=16"
    "memorysetup-bucket-allocator-bucket-count=8"
    "memorysetup-bucket-allocator-block-size=33554432"
    "memorysetup-bucket-allocator-block-count=8"
    "memorysetup-main-allocator-block-size=16777216"
    "memorysetup-thread-allocator-block-size=16777216"
    "memorysetup-gfx-main-allocator-block-size=16777216"
    "memorysetup-gfx-thread-allocator-block-size=16777216"
    "memorysetup-cache-allocator-block-size=4194304"
    "memorysetup-typetree-allocator-block-size=2097152"
    "memorysetup-profiler-bucket-allocator-granularity=16"
    "memorysetup-profiler-bucket-allocator-bucket-count=8"
    "memorysetup-profiler-bucket-allocator-block-size=33554432"
    "memorysetup-profiler-bucket-allocator-block-count=8"
    "memorysetup-profiler-allocator-block-size=16777216"
    "memorysetup-profiler-editor-allocator-block-size=1048576"
    "memorysetup-temp-allocator-size-main=16777216"
    "memorysetup-job-temp-allocator-block-size=2097152"
    "memorysetup-job-temp-allocator-block-size-background=1048576"
    "memorysetup-job-temp-allocator-reduction-small-platforms=262144"
    "memorysetup-allocator-temp-initial-block-size-main=262144"
    "memorysetup-allocator-temp-initial-block-size-worker=262144"
    "memorysetup-temp-allocator-size-background-worker=32768"
    "memorysetup-temp-allocator-size-job-worker=262144"
    "memorysetup-temp-allocator-size-preload-manager=33554432"
    "memorysetup-temp-allocator-size-nav-mesh-worker=65536"
    "memorysetup-temp-allocator-size-audio-worker=65536"
    "memorysetup-temp-allocator-size-cloud-worker=32768"
    "memorysetup-temp-allocator-size-gi-baking-worker=262144"
    "memorysetup-temp-allocator-size-gfx=262144"
Player connection [3372] Host "[IP] 10.131.211.99 [Port] 0 [Flags] 2 [Guid] 644524381 [EditorId] 644524381 [Version] 1048832 [Id] WindowsEditor(7,LAPTOP-P6DJ1I9L) [Debug] 1 [PackageName] WindowsEditor [ProjectName] Editor" joined multi-casting on [225.0.0.222:54997]...

Player connection [3372] Host "[IP] 10.131.211.99 [Port] 0 [Flags] 2 [Guid] 644524381 [EditorId] 644524381 [Version] 1048832 [Id] WindowsEditor(7,LAPTOP-P6DJ1I9L) [Debug] 1 [PackageName] WindowsEditor [ProjectName] Editor" joined alternative multi-casting on [225.0.0.222:34997]...

Refreshing native plugins compatible for Editor in 7.08 ms, found 3 plugins.
Preloading 0 native plugins for Editor in 0.00 ms.
Initialize engine version: 2022.3.7f1 (b16b3b16c7a0)
[Subsystems] Discovering subsystems at path C:/Program Files/Unity 2022.3.7f1/Editor/Data/Resources/UnitySubsystems
[Subsystems] Discovering subsystems at path C:/Users/nicol/boosfight/My project (2)/Assets
GfxDevice: creating device client; threaded=0; jobified=0
Direct3D:
    Version:  Direct3D 11.0 [level 11.1]
    Renderer: Intel(R) Iris(R) Xe Graphics (ID=0x9a49)
    Vendor:   Intel
    VRAM:     8091 MB
    Driver:   30.0.100.9864
Initialize mono
Mono path[0] = 'C:/Program Files/Unity 2022.3.7f1/Editor/Data/Managed'
Mono path[1] = 'C:/Program Files/Unity 2022.3.7f1/Editor/Data/MonoBleedingEdge/lib/mono/unityjit-win32'
Mono config path = 'C:/Program Files/Unity 2022.3.7f1/Editor/Data/MonoBleedingEdge/etc'
Using monoOptions --debugger-agent=transport=dt_socket,embedding=1,server=y,suspend=n,address=127.0.0.1:56460
Begin MonoManager ReloadAssembly
Registering precompiled unity dll's ...
Register platform support module: C:/Program Files/Unity 2022.3.7f1/Editor/Data/PlaybackEngines/WindowsStandaloneSupport/UnityEditor.WindowsStandalone.Extensions.dll
Registered in 0.006294 seconds.
- Loaded All Assemblies, in  0.497 seconds
Native extension for WindowsStandalone target not found
Mono: successfully reloaded assembly
- Finished resetting the current domain, in  0.371 seconds
Domain Reload Profiling: 867ms
	BeginReloadAssembly (139ms)
		ExecutionOrderSort (0ms)
		DisableScriptedObjects (0ms)
		BackupInstance (0ms)
		ReleaseScriptingObjects (0ms)
		CreateAndSetChildDomain (1ms)
	RebuildCommonClasses (58ms)
	RebuildNativeTypeToScriptingClass (14ms)
	initialDomainReloadingComplete (78ms)
	LoadAllAssembliesAndSetupDomain (207ms)
		LoadAssemblies (136ms)
		RebuildTransferFunctionScriptingTraits (0ms)
		AnalyzeDomain (204ms)
			TypeCache.Refresh (202ms)
				TypeCache.ScanAssembly (186ms)
			ScanForSourceGeneratedMonoScriptInfo (0ms)
			ResolveRequiredComponents (1ms)
	FinalizeReload (372ms)
		ReleaseScriptCaches (0ms)
		RebuildScriptCaches (0ms)
		SetupLoadedEditorAssemblies (281ms)
			LogAssemblyErrors (0ms)
			InitializePlatformSupportModulesInManaged (11ms)
			SetLoadedEditorAssemblies (10ms)
			RefreshPlugins (0ms)
			BeforeProcessingInitializeOnLoad (3ms)
			ProcessInitializeOnLoadAttributes (182ms)
			ProcessInitializeOnLoadMethodAttributes (75ms)
			AfterProcessingInitializeOnLoad (0ms)
			EditorAssembliesLoaded (0ms)
		ExecutionOrderSort2 (0ms)
		AwakeInstancesAfterBackupRestoration (0ms)
========================================================================
Worker process is ready to serve import requests
Begin MonoManager ReloadAssembly
Symbol file LoadedFromMemory doesn't match image C:\Users\nicol\boosfight\My project (2)\Library\PackageCache\com.unity.visualscripting@1.8.0\Editor\VisualScripting.Core\Dependencies\YamlDotNet\Unity.VisualScripting.YamlDotNet.dll
Symbol file LoadedFromMemory doesn't match image C:\Users\nicol\boosfight\My project (2)\Library\PackageCache\com.unity.visualscripting@1.8.0\Editor\VisualScripting.Core\Dependencies\DotNetZip\Unity.VisualScripting.IonicZip.dll
- Loaded All Assemblies, in  0.860 seconds
Refreshing native plugins compatible for Editor in 3.13 ms, found 3 plugins.
Native extension for WindowsStandalone target not found
Mono: successfully reloaded assembly
- Finished resetting the current domain, in  0.932 seconds
Domain Reload Profiling: 1789ms
	BeginReloadAssembly (209ms)
		ExecutionOrderSort (0ms)
		DisableScriptedObjects (9ms)
		BackupInstance (0ms)
		ReleaseScriptingObjects (1ms)
		CreateAndSetChildDomain (28ms)
	RebuildCommonClasses (51ms)
	RebuildNativeTypeToScriptingClass (19ms)
	initialDomainReloadingComplete (54ms)
	LoadAllAssembliesAndSetupDomain (523ms)
		LoadAssemblies (395ms)
		RebuildTransferFunctionScriptingTraits (0ms)
		AnalyzeDomain (247ms)
			TypeCache.Refresh (219ms)
				TypeCache.ScanAssembly (197ms)
			ScanForSourceGeneratedMonoScriptInfo (21ms)
			ResolveRequiredComponents (5ms)
	FinalizeReload (933ms)
		ReleaseScriptCaches (0ms)
		RebuildScriptCaches (0ms)
		SetupLoadedEditorAssemblies (679ms)
			LogAssemblyErrors (0ms)
			InitializePlatformSupportModulesInManaged (14ms)
			SetLoadedEditorAssemblies (9ms)
			RefreshPlugins (0ms)
			BeforeProcessingInitializeOnLoad (135ms)
			ProcessInitializeOnLoadAttributes (482ms)
			ProcessInitializeOnLoadMethodAttributes (32ms)
			AfterProcessingInitializeOnLoad (7ms)
			EditorAssembliesLoaded (0ms)
		ExecutionOrderSort2 (0ms)
		AwakeInstancesAfterBackupRestoration (9ms)
Launched and connected shader compiler UnityShaderCompiler.exe after 0.07 seconds
Refreshing native plugins compatible for Editor in 3.49 ms, found 3 plugins.
Preloading 0 native plugins for Editor in 0.00 ms.
Unloading 3119 Unused Serialized files (Serialized files now loaded: 0)
Unloading 31 unused Assets / (56.3 KB). Loaded Objects now: 3583.
Memory consumption went from 115.2 MB to 115.2 MB.
Total: 4.505300 ms (FindLiveObjects: 0.295100 ms CreateObjectMapping: 0.114200 ms MarkObjects: 3.965700 ms  DeleteObjects: 0.128600 ms)

AssetImportParameters requested are different than current active one (requested -> active):
  custom:container-demuxer-ogg: 62fdf1f143b41e24485cea50d1cbac27 -> 
  custom:video-codec-MediaFoundation-h265: 746d11721c4dcdbdad8f713fa42b33f4 -> 
  custom:video-decoder-ogg-theora: a1e56fd34408186e4bbccfd4996cb3dc -> 
  custom:framework-win-MediaFoundation: 216162199b28c13a410421893ffa2e32 -> 
  custom:CustomObjectIndexerAttribute: 756ad292c208cfabdd7b50bc23989ffe -> 
  custom:container-demuxer-webm: 4f35f7cbe854078d1ac9338744f61a02 -> 
  custom:container-muxer-webm: aa71ff27fc2769a1b78a27578f13a17b -> 
  custom:video-decoder-webm-vp8: 9c59270c3fd7afecdb556c50c9e8de78 -> 
  custom:SearchIndexIgnoredProperties: e643bd26f0fe6173181afceb89e7c659 -> 
  custom:AudioImporter_EditorPlatform: d09bf68614088b80899f8185d706f6e7 -> 
  custom:video-encoder-webm-vp8: eb34c28f22e8b96e1ab97ce403110664 -> 
  custom:audio-decoder-ogg-vorbis: bf7c407c2cedff20999df2af8eb42d56 -> 
  custom:audio-encoder-webm-vorbis: bf7c407c2cedff20999df2af8eb42d56 -> 
========================================================================
Received Import Request.
  Time since last request: 328764.294850 seconds.
  path: Assets/JC_StylizedRocks_Lite/Prefabs/SM_Rocks_03.prefab
  artifactKey: Guid(b0abe2cf3d0874541a042aeb54738371) Importer(815301076,1909f56bfc062723c751e8b465ee728b)
Start importing Assets/JC_StylizedRocks_Lite/Prefabs/SM_Rocks_03.prefab using Guid(b0abe2cf3d0874541a042aeb54738371) Importer(815301076,1909f56bfc062723c751e8b465ee728b)  -> (artifact id: '40a35dc616275beebdf44f96092e182d') in 0.043173 seconds
Number of updated asset objects reloaded before import = 0
Number of asset objects unloaded after import = 7
========================================================================
Received Import Request.
  Time since last request: 0.000031 seconds.
  path: Assets/JC_StylizedRocks_Lite/Prefabs/SM_Rocks_04.prefab
  artifactKey: Guid(86509780b07285a44a69b1eb089a3ed1) Importer(815301076,1909f56bfc062723c751e8b465ee728b)
Start importing Assets/JC_StylizedRocks_Lite/Prefabs/SM_Rocks_04.prefab using Guid(86509780b07285a44a69b1eb089a3ed1) Importer(815301076,1909f56bfc062723c751e8b465ee728b)  -> (artifact id: '469c4bfb6c2ec753b612d28c1e69ce00') in 0.003343 seconds
Number of updated asset objects reloaded before import = 0
Number of asset objects unloaded after import = 7
========================================================================
Received Import Request.
  Time since last request: 30.216682 seconds.
  path: Assets/TextureHaven/sandstone_4k/sandstone_4k_textures/white_sandstone_bricks_03/white_sandstone_bricks_03_bump_4k.png
  artifactKey: Guid(7c29dd87b59517f448159ceeca1981e4) Importer(815301076,1909f56bfc062723c751e8b465ee728b)
Start importing Assets/TextureHaven/sandstone_4k/sandstone_4k_textures/white_sandstone_bricks_03/white_sandstone_bricks_03_bump_4k.png using Guid(7c29dd87b59517f448159ceeca1981e4) Importer(815301076,1909f56bfc062723c751e8b465ee728b)  -> (artifact id: '89babdbbc7964889148a9f35c0f81fe3') in 0.096209 seconds
Number of updated asset objects reloaded before import = 0
Number of asset objects unloaded after import = 2
========================================================================
Received Import Request.
  Time since last request: 0.000058 seconds.
  path: Assets/TextureHaven/sandstone_4k/sandstone_4k_textures/white_sandstone_bricks_03/white_sandstone_bricks_03_disp_4k.png
  artifactKey: Guid(181bf635588f84b4399ecd98f34ae097) Importer(815301076,1909f56bfc062723c751e8b465ee728b)
Start importing Assets/TextureHaven/sandstone_4k/sandstone_4k_textures/white_sandstone_bricks_03/white_sandstone_bricks_03_disp_4k.png using Guid(181bf635588f84b4399ecd98f34ae097) Importer(815301076,1909f56bfc062723c751e8b465ee728b)  -> (artifact id: 'c086fdc7b1f1740611f9181a98f3bf0b') in 0.070858 seconds
Number of updated asset objects reloaded before import = 0
Number of asset objects unloaded after import = 2
========================================================================
Received Import Request.
  Time since last request: 0.000029 seconds.
  path: Assets/TextureHaven/sandstone_4k/sandstone_4k_textures/white_sandstone_bricks_03/white_sandstone_bricks_03_diff_4k.png
  artifactKey: Guid(667a2d470490a724ca55c7e5b2383119) Importer(815301076,1909f56bfc062723c751e8b465ee728b)
Start importing Assets/TextureHaven/sandstone_4k/sandstone_4k_textures/white_sandstone_bricks_03/white_sandstone_bricks_03_diff_4k.png using Guid(667a2d470490a724ca55c7e5b2383119) Importer(815301076,1909f56bfc062723c751e8b465ee728b)  -> (artifact id: '4d6b1f6a161de80d5cd18a4488c7d1c1') in 0.046992 seconds
Number of updated asset objects reloaded before import = 0
Number of asset objects unloaded after import = 2
========================================================================
Received Import Request.
  Time since last request: 0.000018 seconds.
  path: Assets/TextureHaven/sandstone_4k/sandstone_4k_textures/white_sandstone_bricks_03/white_sandstone_bricks_03_nor_4k.png
  artifactKey: Guid(e46a9f75f64e4c04790ba774c9e9bdd1) Importer(815301076,1909f56bfc062723c751e8b465ee728b)
Start importing Assets/TextureHaven/sandstone_4k/sandstone_4k_textures/white_sandstone_bricks_03/white_sandstone_bricks_03_nor_4k.png using Guid(e46a9f75f64e4c04790ba774c9e9bdd1) Importer(815301076,1909f56bfc062723c751e8b465ee728b)  -> (artifact id: '18565a849672c8474b44e0988d1f00db') in 0.095183 seconds
Number of updated asset objects reloaded before import = 0
Number of asset objects unloaded after import = 2
========================================================================
Received Import Request.
  Time since last request: 7.178454 seconds.
  path: Assets/TextureHaven/sandstone_4k/sandstone_4k_textures/sandstone_blocks_05/sandstone_blocks_05_bump_4k.png
  artifactKey: Guid(8f57e47a56847cd41962482d61681c10) Importer(815301076,1909f56bfc062723c751e8b465ee728b)
Start importing Assets/TextureHaven/sandstone_4k/sandstone_4k_textures/sandstone_blocks_05/sandstone_blocks_05_bump_4k.png using Guid(8f57e47a56847cd41962482d61681c10) Importer(815301076,1909f56bfc062723c751e8b465ee728b)  -> (artifact id: 'c90df97add72a6e45a36f5ebe2f93ea3') in 0.054284 seconds
Number of updated asset objects reloaded before import = 0
Number of asset objects unloaded after import = 2
========================================================================
Received Import Request.
  Time since last request: 0.000035 seconds.
  path: Assets/TextureHaven/sandstone_4k/sandstone_4k_textures/sandstone_blocks_05/sandstone_blocks_05_rough_4k.png
  artifactKey: Guid(2fcdc2f43c54ebf4dbac6d7d0392147e) Importer(815301076,1909f56bfc062723c751e8b465ee728b)
Start importing Assets/TextureHaven/sandstone_4k/sandstone_4k_textures/sandstone_blocks_05/sandstone_blocks_05_rough_4k.png using Guid(2fcdc2f43c54ebf4dbac6d7d0392147e) Importer(815301076,1909f56bfc062723c751e8b465ee728b)  -> (artifact id: '1e2875764766857bdb6b511c5ed55a96') in 0.045804 seconds
Number of updated asset objects reloaded before import = 0
Number of asset objects unloaded after import = 2
========================================================================
Received Import Request.
  Time since last request: 0.000020 seconds.
  path: Assets/TextureHaven/sandstone_4k/sandstone_4k_textures/sandstone_blocks_05/sandstone_blocks_05_disp_4k.png
  artifactKey: Guid(733e7e111d758b54bbb345560c951d48) Importer(815301076,1909f56bfc062723c751e8b465ee728b)
Start importing Assets/TextureHaven/sandstone_4k/sandstone_4k_textures/sandstone_blocks_05/sandstone_blocks_05_disp_4k.png using Guid(733e7e111d758b54bbb345560c951d48) Importer(815301076,1909f56bfc062723c751e8b465ee728b)  -> (artifact id: '15119505d61bd26850a5a05512b0fed2') in 0.074383 seconds
Number of updated asset objects reloaded before import = 0
Number of asset objects unloaded after import = 2
========================================================================
Received Import Request.
  Time since last request: 0.000027 seconds.
  path: Assets/TextureHaven/sandstone_4k/sandstone_4k_textures/sandstone_blocks_05/sandstone_blocks_05_nor_4k.png
  artifactKey: Guid(fdd9f635b71562e40b17d45b922f8860) Importer(815301076,1909f56bfc062723c751e8b465ee728b)
Start importing Assets/TextureHaven/sandstone_4k/sandstone_4k_textures/sandstone_blocks_05/sandstone_blocks_05_nor_4k.png using Guid(fdd9f635b71562e40b17d45b922f8860) Importer(815301076,1909f56bfc062723c751e8b465ee728b)  -> (artifact id: '5029b2b49d67ddb0b335f39b9c7ad6cd') in 0.055925 seconds
Number of updated asset objects reloaded before import = 0
Number of asset objects unloaded after import = 2
========================================================================
Received Import Request.
  Time since last request: 2.053273 seconds.
  path: Assets/TextureHaven/sandstone_4k/sandstone_4k_textures/medieval_blocks_06/medieval_blocks_06_diff_4k.png
  artifactKey: Guid(85861965e4cf9d742ad660d0542df3dc) Importer(815301076,1909f56bfc062723c751e8b465ee728b)
Start importing Assets/TextureHaven/sandstone_4k/sandstone_4k_textures/medieval_blocks_06/medieval_blocks_06_diff_4k.png using Guid(85861965e4cf9d742ad660d0542df3dc) Importer(815301076,1909f56bfc062723c751e8b465ee728b)  -> (artifact id: '9b34ec05ae9a3d9f170bc1adeb008374') in 0.051880 seconds
Number of updated asset objects reloaded before import = 0
Number of asset objects unloaded after import = 2
========================================================================
Received Import Request.
  Time since last request: 0.000059 seconds.
  path: Assets/TextureHaven/sandstone_4k/sandstone_4k_textures/medieval_blocks_06/medieval_blocks_06_disp_4k.png
  artifactKey: Guid(7effda4585459ee4c9e81c012567373b) Importer(815301076,1909f56bfc062723c751e8b465ee728b)
Start importing Assets/TextureHaven/sandstone_4k/sandstone_4k_textures/medieval_blocks_06/medieval_blocks_06_disp_4k.png using Guid(7effda4585459ee4c9e81c012567373b) Importer(815301076,1909f56bfc062723c751e8b465ee728b)  -> (artifact id: 'd6ddaa61d97102e91c4c337b5ea0efd8') in 0.055781 seconds
Number of updated asset objects reloaded before import = 0
Number of asset objects unloaded after import = 2
========================================================================
Received Import Request.
  Time since last request: 0.000029 seconds.
  path: Assets/TextureHaven/sandstone_4k/sandstone_4k_textures/medieval_blocks_06/medieval_blocks_06_nor_4k.png
  artifactKey: Guid(8a4e849cd42ba6d4d8eca7eae543aae2) Importer(815301076,1909f56bfc062723c751e8b465ee728b)
Start importing Assets/TextureHaven/sandstone_4k/sandstone_4k_textures/medieval_blocks_06/medieval_blocks_06_nor_4k.png using Guid(8a4e849cd42ba6d4d8eca7eae543aae2) Importer(815301076,1909f56bfc062723c751e8b465ee728b)  -> (artifact id: 'b1d1312c501817a2afd2ff2da2379f72') in 0.071820 seconds
Number of updated asset objects reloaded before import = 0
Number of asset objects unloaded after import = 2
========================================================================
Received Import Request.
  Time since last request: 4.965259 seconds.
  path: Assets/TextureHaven/sandstone_4k/sandstone_4k_materials/white_sandstone_blocks_02.mat
  artifactKey: Guid(3e5a6c8dfde4b8b4fafc28736e767a5c) Importer(815301076,1909f56bfc062723c751e8b465ee728b)
Start importing Assets/TextureHaven/sandstone_4k/sandstone_4k_materials/white_sandstone_blocks_02.mat using Guid(3e5a6c8dfde4b8b4fafc28736e767a5c) Importer(815301076,1909f56bfc062723c751e8b465ee728b)  -> (artifact id: '93a5aaf8a20c14439b2b2642667cec93') in 0.102468 seconds
Number of updated asset objects reloaded before import = 0
Number of asset objects unloaded after import = 1
========================================================================
Received Import Request.
  Time since last request: 0.000030 seconds.
  path: Assets/TextureHaven/sandstone_4k/sandstone_4k_materials/white_sandstone_bricks_03.mat
  artifactKey: Guid(118770993b62b9f489c3d27525a904e6) Importer(815301076,1909f56bfc062723c751e8b465ee728b)
Start importing Assets/TextureHaven/sandstone_4k/sandstone_4k_materials/white_sandstone_bricks_03.mat using Guid(118770993b62b9f489c3d27525a904e6) Importer(815301076,1909f56bfc062723c751e8b465ee728b)  -> (artifact id: '8ccb53ace0a70e52db1bd9caaaca892f') in 0.023496 seconds
Number of updated asset objects reloaded before import = 0
Number of asset objects unloaded after import = 1
========================================================================
Received Import Request.
  Time since last request: 0.000021 seconds.
  path: Assets/TextureHaven/sandstone_4k/sandstone_4k_materials/white_sandstone_bricks.mat
  artifactKey: Guid(d9b3fb176127d8c4bbcca63aadd0343c) Importer(815301076,1909f56bfc062723c751e8b465ee728b)
Start importing Assets/TextureHaven/sandstone_4k/sandstone_4k_materials/white_sandstone_bricks.mat using Guid(d9b3fb176127d8c4bbcca63aadd0343c) Importer(815301076,1909f56bfc062723c751e8b465ee728b)  -> (artifact id: '764b7c24a61f10b59a222a0847f3e7d9') in 0.038163 seconds
Number of updated asset objects reloaded before import = 0
Number of asset objects unloaded after import = 1
